[16:35:6.424] Global cache location '/Users/anton/Library/Caches/typescript/3.7', safe file path '/usr/local/lib/node_modules/typescript/lib/typingsafelist.json', types map path /usr/local/lib/node_modules/typescript/lib/typesmap.json
[16:35:6.426] Processing cache location '/Users/anton/Library/Caches/typescript/3.7'
[16:35:6.426] Trying to find '/Users/anton/Library/Caches/typescript/3.7/package.json'...
[16:35:6.430] Loaded content of '/Users/anton/Library/Caches/typescript/3.7/package.json': {"private":true,"dependencies":{"types-registry":"^0.1.481"},"devDependencies":{"@types/async":"^3.0.7","@types/atob":"^2.1.2","@types/brace-expansion":"^1.1.0","@types/chai":"^4.2.9","@types/eslint":"^6.1.8","@types/glob":"^7.1.1","@types/got":"^9.6.9","@types/inherits":"0.0.30","@types/js-yaml":"^3.12.2","@types/jsurl":"^1.2.28","@types/karma":"^3.0.7","@types/minimatch":"^3.0.3","@types/mocha":"^7.0.1","@types/once":"^1.4.0","@types/path-is-absolute":"^1.0.0","@types/semver":"^7.1.0","@types/sprintf":"^0.1.0"}}
[16:35:6.430] Loaded content of '/Users/anton/Library/Caches/typescript/3.7/package-lock.json'
[16:35:6.452] Adding entry into typings cache: 'async' => '/Users/anton/Library/Caches/typescript/3.7/node_modules/@types/async/index.d.ts'
[16:35:6.456] Adding entry into typings cache: 'atob' => '/Users/anton/Library/Caches/typescript/3.7/node_modules/@types/atob/index.d.ts'
[16:35:6.460] Adding entry into typings cache: 'brace-expansion' => '/Users/anton/Library/Caches/typescript/3.7/node_modules/@types/brace-expansion/index.d.ts'
[16:35:6.465] Adding entry into typings cache: 'chai' => '/Users/anton/Library/Caches/typescript/3.7/node_modules/@types/chai/index.d.ts'
[16:35:6.472] Adding entry into typings cache: 'eslint' => '/Users/anton/Library/Caches/typescript/3.7/node_modules/@types/eslint/ts3.1/index.d.ts'
[16:35:6.477] Adding entry into typings cache: 'glob' => '/Users/anton/Library/Caches/typescript/3.7/node_modules/@types/glob/index.d.ts'
[16:35:6.480] Adding entry into typings cache: 'got' => '/Users/anton/Library/Caches/typescript/3.7/node_modules/@types/got/index.d.ts'
[16:35:6.482] Adding entry into typings cache: 'inherits' => '/Users/anton/Library/Caches/typescript/3.7/node_modules/@types/inherits/index.d.ts'
[16:35:6.485] Adding entry into typings cache: 'js-yaml' => '/Users/anton/Library/Caches/typescript/3.7/node_modules/@types/js-yaml/index.d.ts'
[16:35:6.487] Adding entry into typings cache: 'jsurl' => '/Users/anton/Library/Caches/typescript/3.7/node_modules/@types/jsurl/index.d.ts'
[16:35:6.490] Adding entry into typings cache: 'karma' => '/Users/anton/Library/Caches/typescript/3.7/node_modules/@types/karma/index.d.ts'
[16:35:6.492] Adding entry into typings cache: 'minimatch' => '/Users/anton/Library/Caches/typescript/3.7/node_modules/@types/minimatch/index.d.ts'
[16:35:6.494] Adding entry into typings cache: 'mocha' => '/Users/anton/Library/Caches/typescript/3.7/node_modules/@types/mocha/index.d.ts'
[16:35:6.497] Adding entry into typings cache: 'once' => '/Users/anton/Library/Caches/typescript/3.7/node_modules/@types/once/index.d.ts'
[16:35:6.499] Adding entry into typings cache: 'path-is-absolute' => '/Users/anton/Library/Caches/typescript/3.7/node_modules/@types/path-is-absolute/index.d.ts'
[16:35:6.502] Adding entry into typings cache: 'semver' => '/Users/anton/Library/Caches/typescript/3.7/node_modules/@types/semver/index.d.ts'
[16:35:6.504] Adding entry into typings cache: 'sprintf' => '/Users/anton/Library/Caches/typescript/3.7/node_modules/@types/sprintf/index.d.ts'
[16:35:6.505] Finished processing cache location '/Users/anton/Library/Caches/typescript/3.7'
[16:35:6.505] Process id: 55512
[16:35:6.505] NPM location: /usr/local/Cellar/node/12.12.0/bin/npm (explicit '--npmLocation' not  provided)
[16:35:6.505] validateDefaultNpmLocation: false
[16:35:6.506] Npm config file: /Users/anton/Library/Caches/typescript/3.7/package.json
[16:35:6.506] Updating types-registry npm package...
[16:35:6.506] Exec: /usr/local/Cellar/node/12.12.0/bin/npm install --ignore-scripts types-registry@latest
[16:35:6.520]     Failed. stdout:
    
    stderr:
    /bin/sh: /usr/local/Cellar/node/12.12.0/bin/npm: No such file or directory
    
[16:35:6.520] Updated types-registry npm package
